1
$GPGGA,162153.000,0000.0000,N,00000.0000,E,0,00,0.0,0.0,M,0.0,M,,0000*6F

$GPGSA,A,1,,,,,,,,,,,,,0.0,0.0,0.0*30

$GPGSV,1,1,02,02,00,000,26,05,00,000,22*78

$GPRMC,162153.000,V,0000.0000,N,00000.0000,E,000.0,000.0,181214,,,N*7B

$GPVTG,000.0,T,,M,000.0,N,000.0,K,N*02

$GPGGA,162154.000,0000.0000,N,00000.0000,E,0,00,0.0,0.0,M,0.0,M,,0000*68

$GPGSA,A,1,,,,,,,,,,,,,0.0,0.0,0.0*30

$GPGSV,1,1,02,02,00,000,26,05,00,000,22*78

$GPRMC,162154.000,V,0000.0000,N,00000.0000,E,000.0,000.0,181214,,,N*7C

$GPVTG,000.0,T,,M,000.0,N,000.0,K,N*02

$GPGGA,162155.000,0000.0000,N,00000.0000,E,0,00,0.0,0.0,M,0.0,M,,0000*69

$GPGSA,A,1,,,,,,,,,,,,,0.0,0.0,0.0*30

$GPGSV,1,1,02,02,00,000,26,05,00,000,22*78

$GPRMC,162155.000,V,0000.0000,N,00000.0000,E,000.0,000.0,181214,,,N*7D

$GPVTG,000.0,T,,M,000.0,N,000.0,K,N*02

$GPGGA,162156.000,0000.0000,N,00000.0000,E,0,00,0.0,0.0,M,0.0,M,,0000*6A

$GPGSA,A,1,,,,,,,,,,,,,0.0,0.0,0.0*30

$GPGSV,1,1,02,02,00,000,26,05,00,000,22*78

$GPRMC,162156.000,V,0000.0000,N,00000.0000,E,000.0,000.0,181214,,,N*7E

$GPVTG,000.0,T,,M,000.0,N,000.0,K,N*02

$GPGGA,162157.000,0000.0000,N,00000.0000,E,0,00,0.0,0.0,M,0.0,M,,0000*6B

$GPGSA,A,1,,,,,,,,,,,,,0.0,0.0,0.0*30

$GPGSV,1,1,02,02,00,000,25,05,00,000,22*7B

$GPRMC,162157.000,V,0000.0000,N,00000.0000,E,000.0,000.0,181214,,,N*7F

$GPVTG,000.0,T,,M,000.0,N,000.0,K,N*02

$GPGGA,162158.000,0000.0000,N,00000.0000,E,0,00,0.0,0.0,M,0.0,M,,0000*64

$GPGSA,A,1,,,,,,,,,,,,,0.0,0.0,0.0*30

$GPGSV,1,1,02,02,00,000,25,05,00,000,22*7B

$GPRMC,162158.000,V,0000.0000,N,00000.0000,E,000.0,000.0,181214,,,N*70

$GPVTG,000.0,T,,M,000.0,N,000.0,K,N*02

$GPGGA,162159.000,0000.0000,N,00000.0000,E,0,00,0.0,0.0,M,0.0,M,,0000*65

$GPGSA,A,1,,,,,,,,,,,,,0.0,0.0,0.0*30

$GPGSV,1,1,02,02,00,000,25,05,00,000,22*7B

$GPRMC,162159.000,V,0000.0000,N,00000.0000,E,000.0,000.0,181214,,,N*71

$GPVTG,000.0,T,,M,000.0,N,000.0,K,N*02

$GPGGA,162200.000,0000.0000,N,00000.0000,E,0,00,0.0,0.0,M,0.0,M,,0000*6A

$GPGSA,A,1,,,,,,,,,,,,,0.0,0.0,0.0*30

$GPGSV,1,1,02,02,00,000,25,05,00,000,22*7B

$GPRMC,162200.000,V,0000.0000,N,00000.0000,E,000.0,000.0,181214,,,N*7E

$GPVTG,000.0,T,,M,000.0,N,000.0,K,N*02

$GPGGA,162201.000,0000.0000,N,00000.0000,E,0,00,0.0,0.0,M,0.0,M,,0000*6B

$GPGSA,A,1,,,,,,,,,,,,,0.0,0.0,0.0*30

$GPGSV,1,1,03,12,00,000,00,02,00,000,26,05,00,000,22*4A

$GPRMC,162201.000,V,0000.0000,N,00000.0000,E,000.0,000.0,181214,,,N*7F

$GPVTG,000.0,T,,M,000.0,N,000.0,K,N*02

$GPGGA,162202.000,0000.0000,N,00000.0000,E,0,00,0.0,0.0,M,0.0,M,,0000*68

$GPGSA,A,1,,,,,,,,,,,,,0.0,0.0,0.0*30

$GPGSV,1,1,02,02,00,000,26,05,00,000,22*78

$GPRMC,162202.000,V,0000.0000,N,00000.0000,E,000.0,000.0,181214,,,N*7C

$GPVTG,000.0,T,,M,000.0,N,000.0,K,N*02

$GPGGA,162203.000,0000.0000,N,00000.0000,E,0,00,0.0,0.0,M,0.0,M,,0000*69

$GPGSA,A,1,,,,,,,,,,,,,0.0,0.0,0.0*30

$GPGSV,1,1,02,02,00,000,26,05,00,000,22*78

$GPRMC,162203.000,V,0000.0000,N,00000.0000,E,000.0,000.0,181214,,,N*7D

$GPVTG,000.0,T,,M,000.0,N,000.0,K,N*02

$GPGGA,162204.000,0000.0000,N,00000.0000,E,0,00,0.0,0.0,M,0.0,M,,0000*6E

$GPGSA,A,1,,,,,,,,,,,,,0.0,0.0,0.0*30

$GPGSV,1,1,02,02,00,000,26,05,00,000,23*79

$GPRMC,162204.000,V,0000.0000,N,00000.0000,E,000.0,000.0,181214,,,N*7A

$GPVTG,000.0,T,,M,000.0,N,000.0,K,N*02

$GPGGA,162205.000,0000.0000,N,00000.0000,E,0,00,0.0,0.0,M,0.0,M,,0000*6F

$GPGSA,A,1,,,,,,,,,,,,,0.0,0.0,0.0*30

$GPGSV,1,1,02,02,00,000,26,05,00,000,23*79

$GPRMC,162205.000,V,0000.0000,N,00000.0000,E,000.0,000.0,181214,,,N*7B

$GPVTG,000.0,T,,M,000.0,N,000.0,K,N*02

$GPGGA,162206.000,0000.0000,N,00000.0000,E,0,00,0.0,0.0,M,0.0,M,,0000*6C

$GPGSA,A,1,,,,,,,,,,,,,0.0,0.0,0.0*30

$GPGSV,1,1,02,02,00,000,26,05,00,000,23*79

$GPRMC,162206.000,V,0000.0000,N,00000.0000,E,000.0,000.0,181214,,,N*78

$GPVTG,000.0,T,,M,000.0,N,000.0,K,N*02

$GPGGA,162207.000,0000.0000,N,00000.0000,E,0,00,0.0,0.0,M,0.0,M,,0000*6D

$GPGSA,A,1,,,,,,,,,,,,,0.0,0.0,0.0*30

$GPGSV,1,1,02,02,00,000,26,05,00,000,23*79

$GPRMC,162207.000,V,0000.0000,N,00000.0000,E,000.0,000.0,181214,,,N*79

$GPVTG,000.0,T,,M,000.0,N,000.0,K,N*02

$GPGGA,162208.000,0000.0000,N,00000.0000,E,0,00,0.0,0.0,M,0.0,M,,0000*62

$GPGSA,A,1,,,,,,,,,,,,,0.0,0.0,0.0*30

$GPGSV,1,1,02,02,00,000,26,05,00,000,23*79

$GPRMC,162208.000,V,0000.0000,N,00000.0000,E,000.0,000.0,181214,,,N*76

$GPVTG,000.0,T,,M,000.0,N,000.0,K,N*02

$GPGGA,162209.000,0000.0000,N,00000.0000,E,0,00,0.0,0.0,M,0.0,M,,0000*63

$GPGSA,A,1,,,,,,,,,,,,,0.0,0.0,0.0*30

$GPGSV,1,1,02,02,00,000,26,05,00,000,23*79

$GPRMC,162209.000,V,0000.0000,N,00000.0000,E,000.0,000.0,181214,,,N*77

$GPVTG,000.0,T,,M,000.0,N,000.0,K,N*02

$GPGGA,162210.000,0000.0000,N,00000.0000,E,0,00,0.0,0.0,M,0.0,M,,0000*6B

$GPGSA,A,1,,,,,,,,,,,,,0.0,0.0,0.0*30

$GPGSV,1,1,02,02,00,000,26,05,00,000,22*78

$GPRMC,162210.000,V,0000.0000,N,00000.0000,E,000.0,000.0,181214,,,N*7F

$GPVTG,000.0,T,,M,000.0,N,000.0,K,N*02

$GPGGA,162211.000,0000.0000,N,00000.0000,E,0,00,0.0,0.0,M,0.0,M,,0000*6A

$GPGSA,A,1,,,,,,,,,,,,,0.0,0.0,0.0*30

$GPGSV,1,1,02,02,00,000,26,05,00,000,22*78

$GPRMC,162211.000,V,0000.0000,N,00000.0000,E,000.0,000.0,181214,,,N*7E

$GPVTG,000.0,T,,M,000.0,N,000.0,K,N*02

$GPGGA,162212.000,0000.0000,N,00000.0000,E,0,00,0.0,0.0,M,0.0,M,,0000*69

$GPGSA,A,1,,,,,,,,,,,,,0.0,0.0,0.0*30

$GPGSV,1,1,02,02,00,000,26,05,00,000,22*78

$GPRMC,162212.000,V,0000.0000,N,00000.0000,E,000.0,000.0,181214,,,N*7D

$GPVTG,000.0,T,,M,000.0,N,000.0,K,N*02

$GPGGA,162213.000,0000.0000,N,00000.0000,E,0,00,0.0,0.0,M,0.0,M,,0000*68

$GPGSA,A,1,,,,,,,,,,,,,0.0,0.0,0.0*30

$GPGSV,1,1,02,02,00,000,26,05,00,000,22*78

$GPRMC,162213.000,V,0000.0000,N,00000.0000,E,000.0,000.0,181214,,,N*7C

$GPVTG,000.0,T,,M,000.0,N,000.0,K,N*02

$GPGGA,162214.000,0000.0000,N,00000.0000,E,0,00,0.0,0.0,M,0.0,M,,0000*6F

$GPGSA,A,1,,,,,,,,,,,,,0.0,0.0,0.0*30

$GPGSV,1,1,02,02,00,000,25,05,00,000,22*7B

$GPRMC,162214.000,V,0000.0000,N,00000.0000,E,000.0,000.0,181214,,,N*7B

$GPVTG,000.0,T,,M,000.0,N,000.0,K,N*02

$GPGGA,162215.000,0000.0000,N,00000.0000,E,0,00,0.0,0.0,M,0.0,M,,0000*6E

$GPGSA,A,1,,,,,,,,,,,,,0.0,0.0,0.0*30

$GPGSV,1,1,02,02,00,000,26,05,00,000,22*78

$GPRMC,162215.000,V,0000.0000,N,00000.0000,E,000.0,000.0,181214,,,N*7A

$GPVTG,000.0,T,,M,000.0,N,000.0,K,N*02

$GPGGA,162216.000,0000.0000,N,00000.0000,E,0,00,0.0,0.0,M,0.0,M,,0000*6D

$GPGSA,A,1,,,,,,,,,,,,,0.0,0.0,0.0*30

$GPGSV,1,1,02,02,00,000,26,05,00,000,22*78

$GPRMC,162216.000,V,0000.0000,N,00000.0000,E,000.0,000.0,181214,,,N*79

$GPVTG,000.0,T,,M,000.0,N,000.0,K,N*02

$GPGGA,162217.000,0000.0000,N,00000.0000,E,0,00,0.0,0.0,M,0.0,M,,0000*6C

$GPGSA,A,1,,,,,,,,,,,,,0.0,0.0,0.0*30

$GPGSV,1,1,02,02,00,000,25,05,00,000,22*7B

$GPRMC,162217.000,V,0000.0000,N,00000.0000,E,000.0,000.0,181214,,,N*78

$GPVTG,000.0,T,,M,000.0,N,000.0,K,N*02

$GPGGA,162218.000,0000.0000,N,00000.0000,E,0,00,0.0,0.0,M,0.0,M,,0000*63

$GPGSA,A,1,,,,,,,,,,,,,0.0,0.0,0.0*30

$GPGSV,1,1,02,02,00,000,25,05,00,000,22*7B

$GPRMC,162218.000,V,0000.0000,N,00000.0000,E,000.0,000.0,181214,,,N*77

$GPVTG,000.0,T,,M,000.0,N,000.0,K,N*02

$GPGGA,162219.000,0000.0000,N,00000.0000,E,0,00,0.0,0.0,M,0.0,M,,0000*62

$GPGSA,A,1,,,,,,,,,,,,,0.0,0.0,0.0*30

$GPGSV,1,1,02,02,00,000,25,05,00,000,22*7B

$GPRMC,162219.000,V,0000.0000,N,00000.0000,E,000.0,000.0,181214,,,N*76

$GPVTG,000.0,T,,M,000.0,N,000.0,K,N*02

$GPGGA,162220.000,0000.0000,N,00000.0000,E,0,00,0.0,0.0,M,0.0,M,,0000*68

$GPGSA,A,1,,,,,,,,,,,,,0.0,0.0,0.0*30

$GPGSV,1,1,02,02,00,000,25,05,00,000,22*7B

$GPRMC,162220.000,V,0000.0000,N,00000.0000,E,000.0,000.0,181214,,,N*7C

$GPVTG,000.0,T,,M,000.0,N,000.0,K,N*02

$GPGGA,162221.000,0000.0000,N,00000.0000,E,0,00,0.0,0.0,M,0.0,M,,0000*69

$GPGSA,A,1,,,,,,,,,,,,,0.0,0.0,0.0*30

$GPGSV,1,1,02,02,00,000,25,05,00,000,21*78

$GPRMC,162221.000,V,0000.0000,N,00000.0000,E,000.0,000.0,181214,,,N*7D

$GPVTG,000.0,T,,M,000.0,N,000.0,K,N*02

$GPGGA,162222.000,0000.0000,N,00000.0000,E,0,00,0.0,0.0,M,0.0,M,,0000*6A

$GPGSA,A,1,,,,,,,,,,,,,0.0,0.0,0.0*30

$GPGSV,1,1,02,02,00,000,26,05,00,000,21*7B

$GPRMC,162222.000,V,0000.0000,N,00000.0000,E,000.0,000.0,181214,,,N*7E

$GPVTG,000.0,T,,M,000.0,N,000.0,K,N*02

$GPGGA,162223.000,0000.0000,N,00000.0000,E,0,00,0.0,0.0,M,0.0,M,,0000*6B

$GPGSA,A,1,,,,,,,,,,,,,0.0,0.0,0.0*30

$GPGSV,1,1,02,02,00,000,25,05,00,000,21*78

$GPRMC,162223.000,V,0000.0000,N,00000.0000,E,000.0,000.0,181214,,,N*7F

$GPVTG,000.0,T,,M,000.0,N,000.0,K,N*02

$GPGGA,162224.000,0000.0000,N,00000.0000,E,0,00,0.0,0.0,M,0.0,M,,0000*6C

$GPGSA,A,1,,,,,,,,,,,,,0.0,0.0,0.0*30

$GPGSV,1,1,02,02,00,000,26,05,00,000,21*7B

$GPRMC,162224.000,V,0000.0000,N,00000.0000,E,000.0,000.0,181214,,,N*78

$GPVTG,000.0,T,,M,000.0,N,000.0,K,N*02

$GPGGA,162225.000,0000.0000,N,00000.0000,E,0,00,0.0,0.0,M,0.0,M,,0000*6D

$GPGSA,A,1,,,,,,,,,,,,,0.0,0.0,0.0*30

$GPGSV,1,1,02,02,00,000,26,05,00,000,21*7B

$GPRMC,162225.000,V,0000.0000,N,00000.0000,E,000.0,000.0,181214,,,N*79

$GPVTG,000.0,T,,M,000.0,N,000.0,K,N*02

$GPGGA,162226.000,0000.0000,N,00000.0000,E,0,00,0.0,0.0,M,0.0,M,,0000*6E

$GPGSA,A,1,,,,,,,,,,,,,0.0,0.0,0.0*30

$GPGSV,1,1,02,02,00,000,25,05,00,000,21*78

$GPRMC,162226.000,V,0000.0000,N,00000.0000,E,000.0,000.0,181214,,,N*7A

$GPVTG,000.0,T,,M,000.0,N,000.0,K,N*02

$GPGGA,162227.000,0000.0000,N,00000.0000,E,0,00,0.0,0.0,M,0.0,M,,0000*6F

$GPGSA,A,1,,,,,,,,,,,,,0.0,0.0,0.0*30

$GPGSV,1,1,02,02,00,000,26,05,00,000,21*7B

$GPRMC,162227.000,V,0000.0000,N,00000.0000,E,000.0,000.0,181214,,,N*7B

$GPVTG,000.0,T,,M,000.0,N,000.0,K,N*02

$GPGGA,162228.000,0000.0000,N,00000.0000,E,0,00,0.0,0.0,M,0.0,M,,0000*60

$GPGSA,A,1,,,,,,,,,,,,,0.0,0.0,0.0*30

$GPGSV,1,1,02,02,00,000,26,05,00,000,21*7B

$GPRMC,162228.000,V,0000.0000,N,00000.0000,E,000.0,000.0,181214,,,N*74

$GPVTG,000.0,T,,M,000.0,N,000.0,K,N*02

$GPGGA,162229.000,0000.0000,N,00000.0000,E,0,00,0.0,0.0,M,0.0,M,,0000*61

$GPGSA,A,1,,,,,,,,,,,,,0.0,0.0,0.0*30

$GPGSV,1,1,02,02,00,000,26,05,00,000,21*7B

$GPRMC,162229.000,V,0000.0000,N,00000.0000,E,000.0,000.0,181214,,,N*75

$GPVTG,000.0,T,,M,000.0,N,000.0,K,N*02

$GPGGA,162230.000,0000.0000,N,00000.0000,E,0,00,0.0,0.0,M,0.0,M,,0000*69

$GPGSA,A,1,,,,,,,,,,,,,0.0,0.0,0.0*30

$GPGSV,1,1,03,26,00,000,00,02,00,000,27,05,00,000,22*4C

$GPRMC,162230.000,V,0000.0000,N,00000.0000,E,000.0,000.0,181214,,,N*7D

$GPVTG,000.0,T,,M,000.0,N,000.0,K,N*02

$GPGGA,162231.000,0000.0000,N,00000.0000,E,0,00,0.0,0.0,M,0.0,M,,0000*68

$GPGSA,A,1,,,,,,,,,,,,,0.0,0.0,0.0*30

$GPGSV,1,1,03,26,00,000,00,02,00,000,25,05,00,000,21*4D

$GPRMC,162231.000,V,0000.0000,N,00000.0000,E,000.0,000.0,181214,,,N*7C

$GPVTG,000.0,T,,M,000.0,N,000.0,K,N*02

$GPGGA,162232.000,0000.0000,N,00000.0000,E,0,00,0.0,0.0,M,0.0,M,,0000*6B

$GPGSA,A,1,,,,,,,,,,,,,0.0,0.0,0.0*30

$GPGSV,1,1,03,26,00,000,00,02,00,000,26,05,00,000,21*4E

$GPRMC,162232.000,V,0000.0000,N,00000.0000,E,000.0,000.0,181214,,,N*7F

$GPVTG,000.0,T,,M,000.0,N,000.0,K,N*02

$GPGGA,162233.000,0000.0000,N,00000.0000,E,0,00,0.0,0.0,M,0.0,M,,0000*6A

$GPGSA,A,1,,,,,,,,,,,,,0.0,0.0,0.0*30

$GPGSV,1,1,03,26,00,000,00,02,00,000,26,05,00,000,21*4E

$GPRMC,162233.000,V,0000.0000,N,00000.0000,E,000.0,000.0,181214,,,N*7E

$GPVTG,000.0,T,,M,000.0,N,000.0,K,N*02

$GPGGA,162234.000,0000.0000,N,00000.0000,E,0,00,0.0,0.0,M,0.0,M,,0000*6D

$GPGSA,A,1,,,,,,,,,,,,,0.0,0.0,0.0*30

$GPGSV,1,1,03,26,00,000,00,02,00,000,26,05,00,000,21*4E

$GPRMC,162234.000,V,0000.0000,N,00000.0000,E,000.0,000.0,181214,,,N*79

$GPVTG,000.0,T,,M,000.0,N,000.0,K,N*02

$GPGGA,162235.000,0000.0000,N,00000.0000,E,0,00,0.0,0.0,M,0.0,M,,0000*6C

$GPGSA,A,1,,,,,,,,,,,,,0.0,0.0,0.0*30

$GPGSV,1,1,03,26,00,000,00,02,00,000,26,05,00,000,21*4E

$GPRMC,162235.000,V,0000.0000,N,00000.0000,E,000.0,000.0,181214,,,N*78

$GPVTG,000.0,T,,M,000.0,N,000.0,K,N*02

$GPGGA,162236.000,0000.0000,N,00000.0000,E,0,00,0.0,0.0,M,0.0,M,,0000*6F

$GPGSA,A,1,,,,,,,,,,,,,0.0,0.0,0.0*30

$GPGSV,1,1,03,26,00,000,00,02,00,000,26,05,00,000,20*4F

$GPRMC,162236.000,V,0000.0000,N,00000.0000,E,000.0,000.0,181214,,,N*7B

$GPVTG,000.0,T,,M,000.0,N,000.0,K,N*02

$GPGGA,162237.000,0000.0000,N,00000.0000,E,0,00,0.0,0.0,M,0.0,M,,0000*6E

$GPGSA,A,1,,,,,,,,,,,,,0.0,0.0,0.0*30

$GPGSV,1,1,03,26,00,000,00,02,00,000,26,05,00,000,20*4F

$GPRMC,162237.000,V,0000.0000,N,00000.0000,E,000.0,000.0,181214,,,N*7A

$GPVTG,000.0,T,,M,000.0,N,000.0,K,N*02

$GPGGA,162238.000,0000.0000,N,00000.0000,E,0,00,0.0,0.0,M,0.0,M,,0000*61

$GPGSA,A,1,,,,,,,,,,,,,0.0,0.0,0.0*30

$GPGSV,1,1,03,26,00,000,00,02,00,000,26,05,00,000,20*4F

$GPRMC,162238.000,V,0000.0000,N,00000.0000,E,000.0,000.0,181214,,,N*75

$GPVTG,000.0,T,,M,000.0,N,000.0,K,N*02

$GPGGA,162239.000,0000.0000,N,00000.0000,E,0,00,0.0,0.0,M,0.0,M,,0000*60

$GPGSA,A,1,,,,,,,,,,,,,0.0,0.0,0.0*30

$GPGSV,1,1,03,26,00,000,00,02,00,000,26,05,00,000,20*4F

$GPRMC,162239.000,V,0000.0000,N,00000.0000,E,000.0,000.0,181214,,,N*74

$GPVTG,000.0,T,,M,000.0,N,000.0,K,N*02

$GPGGA,162240.000,0000.0000,N,00000.0000,E,0,00,0.0,0.0,M,0.0,M,,0000*6E

$GPGSA,A,1,,,,,,,,,,,,,0.0,0.0,0.0*30

$GPGSV,1,1,02,02,00,000,26,05,00,000,19*70

$GPRMC,162240.000,V,0000.0000,N,00000.0000,E,000.0,000.0,181214,,,N*7A

$GPVTG,000.0,T,,M,000.0,N,000.0,K,N*02

$GPGGA,162241.000,0000.0000,N,00000.0000,E,0,00,0.0,0.0,M,0.0,M,,0000*6F

$GPGSA,A,1,,,,,,,,,,,,,0.0,0.0,0.0*30

$GPGSV,1,1,02,02,00,000,26,05,00,000,19*70

$GPRMC,162241.000,V,0000.0000,N,00000.0000,E,000.0,000.0,181214,,,N*7B

$GPVTG,000.0,T,,M,000.0,N,000.0,K,N*02

$GPGGA,162242.000,0000.0000,N,00000.0000,E,0,00,0.0,0.0,M,0.0,M,,0000*6C

$GPGSA,A,1,,,,,,,,,,,,,0.0,0.0,0.0*30

$GPGSV,1,1,02,02,00,000,25,05,00,000,20*79

$GPRMC,162242.000,V,0000.0000,N,00000.0000,E,000.0,000.0,181214,,,N*78

$GPVTG,000.0,T,,M,000.0,N,000.0,K,N*02

$GPGGA,162243.000,0000.0000,N,00000.0000,E,0,00,0.0,0.0,M,0.0,M,,0000*6D

$GPGSA,A,1,,,,,,,,,,,,,0.0,0.0,0.0*30

$GPGSV,1,1,02,02,00,000,26,05,00,000,19*70

$GPRMC,162243.000,V,0000.0000,N,00000.0000,E,000.0,000.0,181214,,,N*79

$GPVTG,000.0,T,,M,000.0,N,000.0,K,N*02

$GPGGA,162244.000,0000.0000,N,00000.0000,E,0,00,0.0,0.0,M,0.0,M,,0000*6A

$GPGSA,A,1,,,,,,,,,,,,,0.0,0.0,0.0*30

$GPGSV,1,1,02,02,00,000,26,05,00,000,19*70

$GPRMC,162244.000,V,0000.0000,N,00000.0000,E,000.0,000.0,181214,,,N*7E

$GPVTG,000.0,T,,M,000.0,N,000.0,K,N*02

$GPGGA,162245.000,0000.0000,N,00000.0000,E,0,00,0.0,0.0,M,0.0,M,,0000*6B

$GPGSA,A,1,,,,,,,,,,,,,0.0,0.0,0.0*30

$GPGSV,1,1,02,02,00,000,26,05,00,000,18*71

$GPRMC,162245.000,V,0000.0000,N,00000.0000,E,000.0,000.0,181214,,,N*7F

$GPVTG,000.0,T,,M,000.0,N,000.0,K,N*02

$GPGGA,162246.000,0000.0000,N,00000.0000,E,0,00,0.0,0.0,M,0.0,M,,0000*68

$GPGSA,A,1,,,,,,,,,,,,,0.0,0.0,0.0*30

$GPGSV,1,1,02,02,00,000,26,05,00,000,18*71

$GPRMC,162246.000,V,0000.0000,N,00000.0000,E,000.0,000.0,181214,,,N*7C

$GPVTG,000.0,T,,M,000.0,N,000.0,K,N*02

$GPGGA,162247.000,0000.0000,N,00000.0000,E,0,00,0.0,0.0,M,0.0,M,,0000*69

$GPGSA,A,1,,,,,,,,,,,,,0.0,0.0,0.0*30

$GPGSV,1,1,02,02,00,000,26,05,00,000,18*71

$GPRMC,162247.000,V,0000.0000,N,00000.0000,E,000.0,000.0,181214,,,N*7D

$GPVTG,000.0,T,,M,000.0,N,000.0,K,N*02

$GPGGA,162248.000,0000.0000,N,00000.0000,E,0,00,0.0,0.0,M,0.0,M,,0000*66

$GPGSA,A,1,,,,,,,,,,,,,0.0,0.0,0.0*30

$GPGSV,1,1,02,02,00,000,26,05,00,000,18*71

$GPRMC,162248.000,V,0000.0000,N,00000.0000,E,000.0,000.0,181214,,,N*72

$GPVTG,000.0,T,,M,000.0,N,000.0,K,N*02

$GPGGA,162249.000,0000.0000,N,00000.0000,E,0,00,0.0,0.0,M,0.0,M,,0000*67

$GPGSA,A,1,,,,,,,,,,,,,0.0,0.0,0.0*30

$GPGSV,1,1,02,02,00,000,26,05,00,000,17*7E

$GPRMC,162249.000,V,0000.0000,N,00000.0000,E,000.0,000.0,181214,,,N*73

$GPVTG,000.0,T,,M,000.0,N,000.0,K,N*02

$GPGGA,162250.000,0000.0000,N,00000.0000,E,0,00,0.0,0.0,M,0.0,M,,0000*6F

$GPGSA,A,1,,,,,,,,,,,,,0.0,0.0,0.0*30

$GPGSV,1,1,02,02,00,000,26,05,00,000,17*7E

$GPRMC,162250.000,V,0000.0000,N,00000.0000,E,000.0,000.0,181214,,,N*7B

$GPVTG,000.0,T,,M,000.0,N,000.0,K,N*02

$GPGGA,162251.000,0000.0000,N,00000.0000,E,0,00,0.0,0.0,M,0.0,M,,0000*6E

$GPGSA,A,1,,,,,,,,,,,,,0.0,0.0,0.0*30

$GPGSV,1,1,02,02,00,000,26,05,00,000,17*7E

$GPRMC,162251.000,V,0000.0000,N,00000.0000,E,000.0,000.0,181214,,,N*7A

$GPVTG,000.0,T,,M,000.0,N,000.0,K,N*02

$GPGGA,162252.000,0000.0000,N,00000.0000,E,0,00,0.0,0.0,M,0.0,M,,0000*6D

$GPGSA,A,1,,,,,,,,,,,,,0.0,0.0,0.0*30

$GPGSV,1,1,02,02,00,000,26,05,00,000,17*7E

$GPRMC,162252.000,V,0000.0000,N,00000.0000,E,000.0,000.0,181214,,,N*79

$GPVTG,000.0,T,,M,000.0,N,000.0,K,N*02

$GPGGA,162253.000,0000.0000,N,00000.0000,E,0,00,0.0,0.0,M,0.0,M,,0000*6C

$GPGSA,A,1,,,,,,,,,,,,,0.0,0.0,0.0*30

$GPGSV,1,1,02,02,00,000,26,05,00,000,17*7E

$GPRMC,162253.000,V,0000.0000,N,00000.0000,E,000.0,000.0,181214,,,N*78

$GPVTG,000.0,T,,M,000.0,N,000.0,K,N*02

$GPGGA,162254.000,0000.0000,N,00000.0000,E,0,00,0.0,0.0,M,0.0,M,,0000*6B

$GPGSA,A,1,,,,,,,,,,,,,0.0,0.0,0.0*30

$GPGSV,1,1,02,02,00,000,26,05,00,000,17*7E

$GPRMC,162254.000,V,0000.0000,N,00000.0000,E,000.0,000.0,181214,,,N*7F

$GPVTG,000.0,T,,M,000.0,N,000.0,K,N*02

$GPGGA,162255.000,0000.0000,N,00000.0000,E,0,00,0.0,0.0,M,0.0,M,,0000*6A

$GPGSA,A,1,,,,,,,,,,,,,0.0,0.0,0.0*30

$GPGSV,1,1,02,02,00,000,27,05,00,000,16*7E

$GPRMC,162255.000,V,0000.0000,N,00000.0000,E,000.0,000.0,181214,,,N*7E

$GPVTG,000.0,T,,M,000.0,N,000.0,K,N*02

$GPGGA,162256.000,0000.0000,N,00000.0000,E,0,00,0.0,0.0,M,0.0,M,,0000*69

$GPGSA,A,1,,,,,,,,,,,,,0.0,0.0,0.0*30

$GPGSV,1,1,02,02,00,000,27,05,00,000,16*7E

$GPRMC,162256.000,V,0000.0000,N,00000.0000,E,000.0,000.0,181214,,,N*7D

$GPVTG,000.0,T,,M,000.0,N,000.0,K,N*02

$GPGGA,162257.000,0000.0000,N,00000.0000,E,0,00,0.0,0.0,M,0.0,M,,0000*68

$GPGSA,A,1,,,,,,,,,,,,,0.0,0.0,0.0*30

$GPGSV,1,1,02,02,00,000,27,05,00,000,18*70

$GPRMC,162257.000,V,0000.0000,N,00000.0000,E,000.0,000.0,181214,,,N*7C

$GPVTG,000.0,T,,M,000.0,N,000.0,K,N*02

$GPGGA,162258.000,0000.0000,N,00000.0000,E,0,00,0.0,0.0,M,0.0,M,,0000*67

$GPGSA,A,1,,,,,,,,,,,,,0.0,0.0,0.0*30

$GPGSV,1,1,02,02,00,000,28,05,00,000,17*70

$GPRMC,162258.000,V,0000.0000,N,00000.0000,E,000.0,000.0,181214,,,N*73

$GPVTG,000.0,T,,M,000.0,N,000.0,K,N*02

$GPGGA,162259.000,0000.0000,N,00000.0000,E,0,00,0.0,0.0,M,0.0,M,,0000*66

$GPGSA,A,1,,,,,,,,,,,,,0.0,0.0,0.0*30

$GPGSV,1,1,02,02,00,000,27,05,00,000,17*7F

$GPRMC,162259.000,V,0000.0000,N,00000.0000,E,000.0,000.0,181214,,,N*72

$GPVTG,000.0,T,,M,000.0,N,000.0,K,N*02

$GPGGA,162300.000,0000.0000,N,00000.0000,E,0,00,0.0,0.0,M,0.0,M,,0000*6B

$GPGSA,A,1,,,,,,,,,,,,,0.0,0.0,0.0*30

$GPGSV,1,1,02,02,00,000,27,05,00,000,16*7E

$GPRMC,162300.000,V,0000.0000,N,00000.0000,E,000.0,000.0,181214,,,N*7F

$GPVTG,000.0,T,,M,000.0,N,000.0,K,N*02

$GPGGA,162301.000,0000.0000,N,00000.0000,E,0,00,0.0,0.0,M,0.0,M,,0000*6A

$GPGSA,A,1,,,,,,,,,,,,,0.0,0.0,0.0*30

$GPGSV,1,1,02,02,00,000,27,05,00,000,16*7E

$GPRMC,162301.000,V,0000.0000,N,00000.0000,E,000.0,000.0,181214,,,N*7E

$GPVTG,000.0,T,,M,000.0,N,000.0,K,N*02

$GPGGA,162302.000,0000.0000,N,00000.0000,E,0,00,0.0,0.0,M,0.0,M,,0000*69

$GPGSA,A,1,,,,,,,,,,,,,0.0,0.0,0.0*30

$GPGSV,1,1,02,02,00,000,27,05,00,000,15*7D

$GPRMC,162302.000,V,0000.0000,N,00000.0000,E,000.0,000.0,181214,,,N*7D

$GPVTG,000.0,T,,M,000.0,N,000.0,K,N*02

$GPGGA,162303.000,0000.0000,N,00000.0000,E,0,00,0.0,0.0,M,0.0,M,,0000*68

$GPGSA,A,1,,,,,,,,,,,,,0.0,0.0,0.0*30

$GPGSV,1,1,02,02,00,000,27,05,00,000,15*7D

$GPRMC,162303.000,V,0000.0000,N,00000.0000,E,000.0,000.0,181214,,,N*7C

$GPVTG,000.0,T,,M,000.0,N,000.0,K,N*02

$GPGGA,162304.000,0000.0000,N,00000.0000,E,0,00,0.0,0.0,M,0.0,M,,0000*6F

$GPGSA,A,1,,,,,,,,,,,,,0.0,0.0,0.0*30

$GPGSV,1,1,02,02,00,000,28,05,00,000,15*72

$GPRMC,162304.000,V,0000.0000,N,00000.0000,E,000.0,000.0,181214,,,N*7B

$GPVTG,000.0,T,,M,000.0,N,000.0,K,N*02

$GPGGA,162305.000,0000.0000,N,00000.0000,E,0,00,0.0,0.0,M,0.0,M,,0000*6E

$GPGSA,A,1,,,,,,,,,,,,,0.0,0.0,0.0*30

$GPGSV,1,1,02,02,00,000,27,05,00,000,14*7C

$GPRMC,162305.000,V,0000.0000,N,00000.0000,E,000.0,000.0,181214,,,N*7A

$GPVTG,000.0,T,,M,000.0,N,000.0,K,N*02

$GPGGA,162306.000,0000.0000,N,00000.0000,E,0,00,0.0,0.0,M,0.0,M,,0000*6D

$GPGSA,A,1,,,,,,,,,,,,,0.0,0.0,0.0*30

$GPGSV,1,1,02,02,00,000,27,05,00,000,14*7C

$GPRMC,162306.000,V,0000.0000,N,00000.0000,E,000.0,000.0,181214,,,N*79

$GPVTG,000.0,T,,M,000.0,N,000.0,K,N*02

$GPGGA,162307.000,0000.0000,N,00000.0000,E,0,00,0.0,0.0,M,0.0,M,,0000*6C

$GPGSA,A,1,,,,,,,,,,,,,0.0,0.0,0.0*30

$GPGSV,1,1,02,02,00,000,27,05,00,000,14*7C

$GPRMC,162307.000,V,0000.0000,N,00000.0000,E,000.0,000.0,181214,,,N*78

$GPVTG,000.0,T,,M,000.0,N,000.0,K,N*02

$GPGGA,162308.000,0000.0000,N,00000.0000,E,0,00,0.0,0.0,M,0.0,M,,0000*63

$GPGSA,A,1,,,,,,,,,,,,,0.0,0.0,0.0*30

$GPGSV,1,1,02,02,00,000,28,05,00,000,14*73

$GPRMC,162308.000,V,0000.0000,N,00000.0000,E,000.0,000.0,181214,,,N*77

$GPVTG,000.0,T,,M,000.0,N,000.0,K,N*02

$GPGGA,162309.000,0000.0000,N,00000.0000,E,0,00,0.0,0.0,M,0.0,M,,0000*62

$GPGSA,A,1,,,,,,,,,,,,,0.0,0.0,0.0*30

$GPGSV,1,1,02,02,00,000,27,05,00,000,13*7B

$GPRMC,162309.000,V,0000.0000,N,00000.0000,E,000.0,000.0,181214,,,N*76

$GPVTG,000.0,T,,M,000.0,N,000.0,K,N*02

$GPGGA,162310.000,0000.0000,N,00000.0000,E,0,00,0.0,0.0,M,0.0,M,,0000*6A

$GPGSA,A,1,,,,,,,,,,,,,0.0,0.0,0.0*30

$GPGSV,1,1,02,02,00,000,28,05,00,000,12*75

$GPRMC,162310.000,V,0000.0000,N,00000.0000,E,000.0,000.0,181214,,,N*7E

$GPVTG,000.0,T,,M,000.0,N,000.0,K,N*02

$GPGGA,162311.000,0000.0000,N,00000.0000,E,0,00,0.0,0.0,M,0.0,M,,0000*6B

$GPGSA,A,1,,,,,,,,,,,,,0.0,0.0,0.0*30

$GPGSV,1,1,02,02,00,000,28,05,00,000,10*77

$GPRMC,162311.000,V,0000.0000,N,00000.0000,E,000.0,000.0,181214,,,N*7F

$GPVTG,000.0,T,,M,000.0,N,000.0,K,N*02

$GPGGA,162312.000,0000.0000,N,00000.0000,E,0,00,0.0,0.0,M,0.0,M,,0000*68

$GPGSA,A,1,,,,,,,,,,,,,0.0,0.0,0.0*30

$GPGSV,1,1,03,23,00,000,00,02,00,000,28,05,00,000,11*46

$GPRMC,162312.000,V,0000.0000,N,00000.0000,E,000.0,000.0,181214,,,N*7C

$GPVTG,000.0,T,,M,000.0,N,000.0,K,N*02

$GPGGA,162313.000,0000.0000,N,00000.0000,E,0,00,0.0,0.0,M,0.0,M,,0000*69

$GPGSA,A,1,,,,,,,,,,,,,0.0,0.0,0.0*30

$GPGSV,1,1,02,02,00,000,27,05,00,000,10*78

$GPRMC,162313.000,V,0000.0000,N,00000.0000,E,000.0,000.0,181214,,,N*7D

$GPVTG,000.0,T,,M,000.0,N,000.0,K,N*02

$GPGGA,162314.000,0000.0000,N,00000.0000,E,0,00,0.0,0.0,M,0.0,M,,0000*6E

$GPGSA,A,1,,,,,,,,,,,,,0.0,0.0,0.0*30

$GPGSV,1,1,01,02,00,000,28*40

$GPRMC,162314.000,V,0000.0000,N,00000.0000,E,000.0,000.0,181214,,,N*7A

$GPVTG,000.0,T,,M,000.0,N,000.0,K,N*02

